<?xml version="1.0" encoding="UTF-8"?>
<!-- Generated by org.testng.reporters.JUnitReportReporter -->
<testsuite skipped="0" hostname="VINOD-PC" name="com.automation.facebook.VerifyLogin" tests="1" failures="0" timestamp="28 Nov 2016 16:22:28 GMT" time="45.103" errors="0">
  <testcase name="Credentials" time="45.103" classname="com.automation.facebook.VerifyLogin"/>
</testsuite> <!-- com.automation.facebook.VerifyLogin -->
